No matching processes belonging to you were found
Computing main repo mapping: 
Loading: 
Loading: 1 packages loaded
Analyzing: target //Telegram:Telegram_xcodeproj (1 packages loaded, 0 targets configured)
Analyzing: target //Telegram:Telegram_xcodeproj (1 packages loaded, 0 targets configured)

INFO: Analyzed target //Telegram:Telegram_xcodeproj (1 packages loaded, 1 target configured).
INFO: Found 1 target...
Target //Telegram:Telegram_xcodeproj up-to-date:
  bazel-bin/Telegram/Telegram_xcodeproj-runner.sh
INFO: Elapsed time: 0.746s, Critical Path: 0.01s
INFO: 1 process: 10 action cache hit, 1 internal.
INFO: Build completed successfully, 1 total action
INFO: Running command line: bazel-bin/Telegram/Telegram_xcodeproj-runner.sh

Generating "Telegram/Telegram.xcodeproj"
INFO: Invocation ID: 1ca6a434-2ad0-45ad-9ddf-04bda78d9bab
INFO: Options provided by the client:
  Inherited 'common' options: --isatty=0 --terminal_columns=80
INFO: Reading rc options for 'run' from /Users/macbookpro/Desktop/форк/Telegram-iOS/.bazelrc:
  Inherited 'common' options: --features=swift.index_while_building --features=swift.use_global_index_store --features=swift.use_global_module_cache --features=oso_prefix_is_pwd
INFO: Reading rc options for 'run' from /Users/macbookpro/Desktop/форк/Telegram-iOS/xcodeproj.bazelrc:
  Inherited 'build' options: --announce_rc --features=swift.use_global_module_cache --verbose_failures --remote_cache_async --@build_bazel_rules_swift//swift:copt=-j --@build_bazel_rules_swift//swift:copt=2 --define=buildNumber=10000 --disk_cache=/Users/macbookpro/telegram-bazel-cache --//Telegram:disableExtensions --//Telegram:disableStripping --features=-swift.debug_prefix_map --features=swift.emit_swiftsourceinfo --cpu=ios_arm64 --ios_multi_cpus=arm64
INFO: Reading rc options for 'run' from /Users/macbookpro/Desktop/форк/Telegram-iOS/.bazelrc:
  Inherited 'build' options: --action_env=ZERO_AR_DATE=1 --apple_platform_type=ios --enable_platform_specific_config --apple_crosstool_top=@local_config_apple_cc//:toolchain --crosstool_top=@local_config_apple_cc//:toolchain --host_crosstool_top=@local_config_apple_cc//:toolchain --per_file_copt=.*.m$,@-fno-objc-msgsend-selector-stubs --per_file_copt=.*.mm$,@-fno-objc-msgsend-selector-stubs --features=debug_prefix_map_pwd_is_dot --features=swift.cacheable_swiftmodules --features=swift.debug_prefix_map --features=swift.enable_vfsoverlays --strategy=Genrule=standalone --spawn_strategy=standalone --strategy=SwiftCompile=worker
INFO: Found applicable config definition common:rules_xcodeproj_generator in file /private/var/tmp/_bazel_macbookpro/170550dc58bb510d8baa7b59657c81c9/execroot/_main/bazel-out/ios_arm64-fastbuild/bin/Telegram/Telegram_xcodeproj.bazelrc: --config=rules_xcodeproj
INFO: Found applicable config definition common:rules_xcodeproj in file /private/var/folders/3k/m7lrzkcs54ncblphvffbwqnr0000gn/T/tmp.yBvCMidD/pre_xcodeproj.bazelrc: --xcode_version=15C500b --repo_env=USE_CLANG_CL=15C500b --repo_env=XCODE_VERSION=15C500b --repo_env=DEVELOPER_DIR=/Applications/Xcode.app/Contents/Developer
INFO: Found applicable config definition common:rules_xcodeproj in file /private/var/tmp/_bazel_macbookpro/170550dc58bb510d8baa7b59657c81c9/execroot/_main/bazel-out/ios_arm64-fastbuild/bin/Telegram/Telegram_xcodeproj.bazelrc: --verbose_failures --cache_computed_file_digests=500000 --compilation_mode=dbg --experimental_convenience_symlinks=ignore --experimental_use_cpp_compile_action_args_params_file --define=apple.experimental.tree_artifact_outputs=1 --features=apple.swizzle_absolute_xcttestsourcelocation --features=oso_prefix_is_pwd --features=relative_ast_path --features=swift.cacheable_swiftmodules --features=swift.index_while_building --features=swift.use_global_index_store --nolegacy_important_outputs --show_result=0 --noworker_sandboxing --spawn_strategy=remote,worker,local
INFO: Found applicable config definition build:rules_xcodeproj in file /private/var/tmp/_bazel_macbookpro/170550dc58bb510d8baa7b59657c81c9/execroot/_main/bazel-out/ios_arm64-fastbuild/bin/Telegram/Telegram_xcodeproj.bazelrc: --remote_download_outputs=toplevel
Computing main repo mapping: 
Loading: 
Loading: 1 packages loaded
Analyzing: target @@rules_xcodeproj++rules_repos+rules_xcodeproj_generated//generator/Telegram/Telegram_xcodeproj:Telegram_xcodeproj (2 packages loaded)
Analyzing: target @@rules_xcodeproj++rules_repos+rules_xcodeproj_generated//generator/Telegram/Telegram_xcodeproj:Telegram_xcodeproj (2 packages loaded, 0 targets configured)
Analyzing: target @@rules_xcodeproj++rules_repos+rules_xcodeproj_generated//generator/Telegram/Telegram_xcodeproj:Telegram_xcodeproj (2 packages loaded, 0 targets configured)

Analyzing: target @@rules_xcodeproj++rules_repos+rules_xcodeproj_generated//generator/Telegram/Telegram_xcodeproj:Telegram_xcodeproj (4 packages loaded, 4223 targets configured)

INFO: Analyzed target @@rules_xcodeproj++rules_repos+rules_xcodeproj_generated//generator/Telegram/Telegram_xcodeproj:Telegram_xcodeproj (4 packages loaded, 5882 targets configured).
[1 / 1] no actions running
INFO: Found 1 target...
INFO: Elapsed time: 19.415s, Critical Path: 0.37s
INFO: 1 process: 3043 action cache hit, 1 internal.
INFO: Build completed successfully, 1 total action
INFO: Running command line: /private/var/tmp/_bazel_macbookpro/170550dc58bb510d8baa7b59657c81c9/rules_xcodeproj.noindex/build_output_base/execroot/_main/bazel-out/ios_arm64-dbg/bin/external/rules_xcodeproj++rules_repos+rules_xcodeproj_generated/generator/Telegram/Telegram_xcodeproj/Telegram_xcodeproj-installer.sh <args omitted>
Updated project at "Telegram/Telegram.xcodeproj"
Overriding the required Xcode version 26.4 with 15.2 as reported by 'xcode-select -p'
Command /usr/bin/swift ['run', '-c', 'release', '--package-path', 'build-system/XcodeParse', 'XcodeParse', '--project-path', 'Telegram/Telegram.xcodeproj', '--output-path', 'Telegram/Telegram.LSP.json'] finished with non-zero return code and output:
error: Package.resolved file is corrupted or malformed; fix or delete the file to continue: unknown 'PinsStorage' version '3' at '/Users/macbookpro/Desktop/форк/Telegram-iOS/build-system/XcodeParse/Package.resolved'.

